<?xml version="1.0" encoding="UTF-8"?>
<!-- Generated by org.testng.reporters.JUnitXMLReporter -->
<testsuite hostname="Syeds-Mac-mini.fios-router.home" name="Surefire test" tests="11" failures="0" timestamp="18 Feb 2016 02:38:48 GMT" time="501.937" errors="0">
  <testcase name="checkoutWithLinenBlazer" time="41.214" classname="com.syed.madison_island.tests.MenSectionTestWD"/>
  <testcase name="checkoutWithStretchCottonBlazer" time="41.979" classname="com.syed.madison_island.tests.MenSectionTestWD"/>
  <testcase name="checkoutWithSullivanCoat" time="45.066" classname="com.syed.madison_island.tests.MenSectionTestWD"/>
  <testcase name="checkoutWithDelancyCardigan" time="45.641" classname="com.syed.madison_island.tests.WomenSectionTestWD"/>
  <testcase name="checkoutWithElizabethKnitTop" time="61.032" classname="com.syed.madison_island.tests.WomenSectionTestWD"/>
  <testcase name="checkoutWithEssexPencilDress" time="44.351" classname="com.syed.madison_island.tests.WomenSectionTestWD"/>
  <testcase name="checkoutWithLafayetteDress" time="54.908" classname="com.syed.madison_island.tests.WomenSectionTestWD"/>
  <testcase name="checkoutWithLudlowOxfordTop" time="41.121" classname="com.syed.madison_island.tests.WomenSectionTestWD"/>
  <testcase name="checkoutWithLudlowSheathDress" time="42.237" classname="com.syed.madison_island.tests.WomenSectionTestWD"/>
  <testcase name="checkoutWithNolitaCamiTop" time="45.601" classname="com.syed.madison_island.tests.WomenSectionTestWD"/>
  <testcase name="checkoutWithRacerBackMaxiDress" time="38.714" classname="com.syed.madison_island.tests.WomenSectionTestWD"/>
</testsuite> <!-- Surefire test -->
