<?xml version="1.0" encoding="UTF-8"?>
<!-- Generated by org.testng.reporters.JUnitXMLReporter -->
<testsuite hostname="Syeds-Mac-mini.fios-router.home" name="Surefire test" tests="13" failures="0" timestamp="16 Feb 2016 00:49:31 GMT" time="137.253" errors="0">
  <testcase name="checkoutWithElizabethKnitTop" time="54.517" classname="com.syed.madison_island.tests.SimpleTestWD"/>
  <testcase name="checkoutWithLafayetteDress" time="53.832" classname="com.syed.madison_island.tests.SimpleTestWD"/>
  <testcase name="goToBlazerPage" time="2.61" classname="com.syed.madison_island.tests.SimpleTestWD"/>
  <testcase name="goToDressesAndSkirtsPage" time="3.037" classname="com.syed.madison_island.tests.SimpleTestWD"/>
  <testcase name="goToMenPage" time="1.926" classname="com.syed.madison_island.tests.SimpleTestWD"/>
  <testcase name="goToNewArrivalPage" time="2.594" classname="com.syed.madison_island.tests.SimpleTestWD"/>
  <testcase name="goToNewArrivalsMenPage" time="3.09" classname="com.syed.madison_island.tests.SimpleTestWD"/>
  <testcase name="goToPantsAndDenimWomenPage" time="2.357" classname="com.syed.madison_island.tests.SimpleTestWD"/>
  <testcase name="goToShirtsPage" time="2.727" classname="com.syed.madison_island.tests.SimpleTestWD"/>
  <testcase name="goToTeesKnitsAndPoloPage" time="2.93" classname="com.syed.madison_island.tests.SimpleTestWD"/>
  <testcase name="goToTopsAndBlousesPage" time="3.315" classname="com.syed.madison_island.tests.SimpleTestWD"/>
  <testcase name="goToWomenPage" time="1.684" classname="com.syed.madison_island.tests.SimpleTestWD"/>
  <testcase name="gotoPantsAndDenimMenPage" time="2.537" classname="com.syed.madison_island.tests.SimpleTestWD"/>
</testsuite> <!-- Surefire test -->
