<?xml version="1.0" encoding="UTF-8"?>
<testng-results skipped="0" failed="0" total="1" passed="1">
  <reporter-output>
  </reporter-output>
  <suite name="com.syed.madison_island.tests.Test123" duration-ms="24" started-at="2016-02-18T02:30:04Z" finished-at="2016-02-18T02:30:04Z">
    <groups>
    </groups>
    <test name="Command line test" duration-ms="24" started-at="2016-02-18T02:30:04Z" finished-at="2016-02-18T02:30:04Z">
      <class name="com.syed.madison_island.tests.Test123">
        <test-method status="PASS" signature="sampleTest()[pri:0, instance:com.syed.madison_island.tests.Test123@62043840]" name="sampleTest" duration-ms="8" started-at="2016-02-17T21:30:04Z" finished-at="2016-02-17T21:30:04Z">
          <reporter-output>
          </reporter-output>
        </test-method> <!-- sampleTest -->
      </class> <!-- com.syed.madison_island.tests.Test123 -->
    </test> <!-- Command line test -->
  </suite> <!-- com.syed.madison_island.tests.Test123 -->
</testng-results>
