<?xml version="1.0" encoding="UTF-8"?>
<testng-results skipped="0" failed="0" total="0" passed="0">
  <reporter-output>
  </reporter-output>
  <suite name="com.syed.madison_island.AppTest" duration-ms="1" started-at="2016-02-05T00:47:24Z" finished-at="2016-02-05T00:47:24Z">
    <groups>
    </groups>
    <test name="Command line test" duration-ms="1" started-at="2016-02-05T00:47:24Z" finished-at="2016-02-05T00:47:24Z">
    </test> <!-- Command line test -->
  </suite> <!-- com.syed.madison_island.AppTest -->
</testng-results>
