<?xml version="1.0" encoding="UTF-8"?>
<testng-results skipped="0" failed="0" total="2" passed="2">
  <reporter-output>
  </reporter-output>
  <suite name="Surefire suite" duration-ms="4412" started-at="2016-02-05T00:47:33Z" finished-at="2016-02-05T00:47:37Z">
    <groups>
    </groups>
    <test name="Surefire test" duration-ms="4412" started-at="2016-02-05T00:47:33Z" finished-at="2016-02-05T00:47:37Z">
      <class name="com.syed.madison_island.SimpleTestWD">
        <test-method status="PASS" signature="setUp()[pri:0, instance:com.syed.madison_island.SimpleTestWD@614c5515]" name="setUp" is-config="true" duration-ms="7975" started-at="2016-02-04T19:47:25Z" finished-at="2016-02-04T19:47:33Z">
          <reporter-output>
          </reporter-output>
        </test-method> <!-- setUp -->
        <test-method status="PASS" signature="goToNewArrivalPage()[pri:0, instance:com.syed.madison_island.SimpleTestWD@614c5515]" name="goToNewArrivalPage" duration-ms="2750" started-at="2016-02-04T19:47:33Z" finished-at="2016-02-04T19:47:35Z">
          <reporter-output>
          </reporter-output>
        </test-method> <!-- goToNewArrivalPage -->
        <test-method status="PASS" signature="clearCookies()[pri:0, instance:com.syed.madison_island.SimpleTestWD@614c5515]" name="clearCookies" is-config="true" duration-ms="9" started-at="2016-02-04T19:47:35Z" finished-at="2016-02-04T19:47:35Z">
          <reporter-output>
          </reporter-output>
        </test-method> <!-- clearCookies -->
        <test-method status="PASS" signature="goToWomenPage()[pri:0, instance:com.syed.madison_island.SimpleTestWD@614c5515]" name="goToWomenPage" duration-ms="1635" started-at="2016-02-04T19:47:35Z" finished-at="2016-02-04T19:47:37Z">
          <reporter-output>
          </reporter-output>
        </test-method> <!-- goToWomenPage -->
        <test-method status="PASS" signature="clearCookies()[pri:0, instance:com.syed.madison_island.SimpleTestWD@614c5515]" name="clearCookies" is-config="true" duration-ms="8" started-at="2016-02-04T19:47:37Z" finished-at="2016-02-04T19:47:37Z">
          <reporter-output>
          </reporter-output>
        </test-method> <!-- clearCookies -->
        <test-method status="PASS" signature="tearDown()[pri:0, instance:com.syed.madison_island.SimpleTestWD@614c5515]" name="tearDown" is-config="true" duration-ms="80" started-at="2016-02-04T19:47:37Z" finished-at="2016-02-04T19:47:37Z">
          <reporter-output>
          </reporter-output>
        </test-method> <!-- tearDown -->
      </class> <!-- com.syed.madison_island.SimpleTestWD -->
    </test> <!-- Surefire test -->
  </suite> <!-- Surefire suite -->
</testng-results>
